Сборка начата 20.12.2015 23:23:10.
     1>Проект "C:\University\First_semester\Homework_6\task_1\task_1\task_1.vcxproj" в узле 2 (целевые объекты Build).
     1>ClCompile:
         C:\IDE\VS Community 2015\VC\bin\x86_amd64\CL.exe /c /ZI /nologo /W3 /WX- /sdl /Od /D _DEBUG /D _CONSOLE /D _UNICODE /D UNICODE /Gm /EHsc /RTC1 /MDd /GS /fp:precise /Zc:wchar_t /Zc:forScope /Zc:inline /Yu"stdafx.h" /Fp"x64\Debug\task_1.pch" /Fo"x64\Debug\\" /Fd"x64\Debug\vc140.pdb" /Gd /TP /errorReport:prompt list.cpp searchByField.cpp task_1.cpp
         task_1.cpp
     1>c:\university\first_semester\homework_6\task_1\task_1\task_1.cpp(101): warning C4150: удаление указателя на неполный тип "List"; деструктор не вызван
         c:\university\first_semester\homework_6\task_1\task_1\list.h(7): note:  см. объявление "List"
         searchByField.cpp
         Создание кода...
         Компиляция...
         list.cpp
         Создание кода...
       Link:
         C:\IDE\VS Community 2015\VC\bin\x86_amd64\link.exe /ERRORREPORT:PROMPT /OUT:"C:\University\First_semester\Homework_6\task_1\x64\Debug\task_1.exe" /INCREMENTAL /NOLOGO kernel32.lib user32.lib gdi32.lib winspool.lib comdlg32.lib advapi32.lib shell32.lib ole32.lib oleaut32.lib uuid.lib odbc32.lib odbccp32.lib /MANIFEST /MANIFESTUAC:"level='asInvoker' uiAccess='false'" /manifest:embed /Debug /PDB:"C:\University\First_semester\Homework_6\task_1\x64\Debug\task_1.pdb" /SUBSYSTEM:CONSOLE /TLBID:1 /DYNAMICBASE /NXCOMPAT /IMPLIB:"C:\University\First_semester\Homework_6\task_1\x64\Debug\task_1.lib" /MACHINE:X64 x64\Debug\list.obj
         x64\Debug\searchByField.obj
         x64\Debug\stdafx.obj
         x64\Debug\task_1.obj
         task_1.vcxproj -> C:\University\First_semester\Homework_6\task_1\x64\Debug\task_1.exe
     1>Сборка проекта "C:\University\First_semester\Homework_6\task_1\task_1\task_1.vcxproj" завершена (целевые объекты Build).

Сборка успешно завершена.

Затраченное время: 00:00:02.44
